<?xml version="1.0" encoding="UTF-8"?>
<!-- Generated by org.testng.reporters.JUnitXMLReporter -->
<testsuite ignored="0" hostname="DESKTOP-28GKO3F" failures="1" tests="1" name="Test(failed)" time="40.531" errors="0" timestamp="2022-10-11T13:33:29 IST">
  <testcase classname="testng.Testcase1" name="login" time="1.159">
    <failure type="java.lang.AssertionError" message="The following asserts failed:
	expected [dfjfdf] but found [actiTIME - Login]">
      <![CDATA[java.lang.AssertionError: The following asserts failed:
expected [dfjfdf] but found [actiTIME - Login]
at testng.Testcase1.login(Testcase1.java:53)
at java.base/java.util.ArrayList.forEach(ArrayList.java:1511)
... Removed 29 stack frames]]>
    </failure>
  </testcase> <!-- login -->
</testsuite> <!-- Test(failed) -->
